<?xml version="1.0" encoding="UTF-8"?>
<!-- Generated by org.testng.reporters.JUnitReportReporter -->
<testsuite skipped="0" hostname="Someshs-MacBook-Pro.local" name="Scripts.TestCase1" tests="1" failures="0" timestamp="2023-10-30T15:42:40 IST" time="12.326" errors="0">
  <testcase name="tc1" time="12.326" classname="Scripts.TestCase1"/>
  <system-out/>
</testsuite> <!-- Scripts.TestCase1 -->
