<?xml version="1.0" encoding="UTF-8"?>
<!-- Generated by org.testng.reporters.JUnitReportReporter -->
<testsuite skipped="0" hostname="Someshs-MacBook-Pro.local" name="Scripts.TestCase2" tests="1" failures="0" timestamp="2023-10-30T16:22:20 IST" time="5.469" errors="0">
  <testcase name="tc2" time="5.469" classname="Scripts.TestCase2"/>
  <system-out/>
</testsuite> <!-- Scripts.TestCase2 -->
